<?xml version="1.0" encoding="UTF-8"?>
<Site BuildName="Win32-mingw32-make"
	BuildStamp="20251006-1147-Experimental"
	Name="DESKTOP-IMDL77T"
	Generator="ctest-4.1.2"
	CompilerName="C:/msys64/ucrt64/bin/g++.exe"
	CompilerVersion="14.2.0"
	OSName="Windows"
	Hostname="DESKTOP-IMDL77T"
	OSRelease=" Professional"
	OSVersion=" (Build 26100)"
	OSPlatform="AMD64"
	Is64Bits="1"
	VendorString="AuthenticAMD"
	VendorID="Advanced Micro Devices"
	FamilyID="15"
	ModelID="0"
	ModelName="AMD Ryzen 5 PRO 4650U with Radeon Graphics"
	ProcessorCacheSize="64"
	NumberOfLogicalCPU="12"
	NumberOfPhysicalCPU="6"
	TotalVirtualMemory="16615"
	TotalPhysicalMemory="15591"
	LogicalProcessorsPerPhysical="2"
	ProcessorClockFrequency="2100"
	>
	<Testing>
		<StartDateTime>Oct 26 00:42 SE Asia Standard Time</StartDateTime>
		<StartTestTime>1761414141</StartTestTime>
		<TestList/>
		<EndDateTime>Oct 26 00:42 SE Asia Standard Time</EndDateTime>
		<EndTestTime>1761414141</EndTestTime>
		<ElapsedMinutes>0</ElapsedMinutes>
	</Testing>
</Site>
